<?xml version="1.0" encoding="UTF-8"?>
<testng-results skipped="0" failed="0" total="1" passed="1">
  <reporter-output>
  </reporter-output>
  <suite name="Default suite" duration-ms="9625" started-at="2017-04-28T23:20:04Z" finished-at="2017-04-28T23:20:14Z">
    <groups>
    </groups>
    <test name="Default test" duration-ms="9625" started-at="2017-04-28T23:20:04Z" finished-at="2017-04-28T23:20:14Z">
      <class name="newproject.TestChromeBrowser">
        <test-method status="PASS" signature="setUp()[pri:0, instance:newproject.TestChromeBrowser@66a3ffec]" name="setUp" is-config="true" duration-ms="5307" started-at="2017-04-28T23:20:04Z" finished-at="2017-04-28T23:20:09Z">
        </test-method> <!-- setUp -->
        <test-method status="PASS" signature="testGooglePageTitleInIEBrowser()[pri:0, instance:newproject.TestChromeBrowser@66a3ffec]" name="testGooglePageTitleInIEBrowser" duration-ms="3332" started-at="2017-04-28T23:20:09Z" finished-at="2017-04-28T23:20:13Z">
        </test-method> <!-- testGooglePageTitleInIEBrowser -->
        <test-method status="PASS" signature="tearDown()[pri:0, instance:newproject.TestChromeBrowser@66a3ffec]" name="tearDown" is-config="true" duration-ms="975" started-at="2017-04-28T23:20:13Z" finished-at="2017-04-28T23:20:14Z">
        </test-method> <!-- tearDown -->
      </class> <!-- newproject.TestChromeBrowser -->
    </test> <!-- Default test -->
  </suite> <!-- Default suite -->
</testng-results>
